<?xml version="1.0" encoding="UTF-8"?>
<coverage generated="1680023471951" clover="3.2.0">
  <project timestamp="1680023471952" name="All files">
    <metrics statements="15" coveredstatements="15" conditionals="8" coveredconditionals="8" methods="4" coveredmethods="4" elements="27" coveredelements="27" complexity="0" loc="15" ncloc="15" packages="1" files="1" classes="1"/>
    <file name="Roller.ts" path="/sandbox/src/Roller.ts">
      <metrics statements="15" coveredstatements="15" conditionals="8" coveredconditionals="8" methods="4" coveredmethods="4"/>
      <line num="1" count="1" type="stmt"/>
      <line num="2" count="9" type="stmt"/>
      <line num="3" count="9" type="stmt"/>
      <line num="10" count="9" type="cond" truecount="2" falsecount="0"/>
      <line num="11" count="7" type="stmt"/>
      <line num="13" count="2" type="stmt"/>
      <line num="28" count="7" type="cond" truecount="4" falsecount="0"/>
      <line num="29" count="6" type="stmt"/>
      <line num="30" count="6" type="cond" truecount="2" falsecount="0"/>
      <line num="31" count="1" type="stmt"/>
      <line num="33" count="5" type="stmt"/>
      <line num="35" count="6" type="stmt"/>
      <line num="37" count="1" type="stmt"/>
      <line num="44" count="2" type="stmt"/>
      <line num="53" count="9" type="stmt"/>
    </file>
  </project>
</coverage>
