{"/sandbox/src/Roller.ts": {"path":"/sandbox/src/Roller.ts","statementMap":{"0":{"start":{"line":2,"column":10},"end":{"line":2,"column":73}},"1":{"start":{"line":3,"column":10},"end":{"line":3,"column":28}},"2":{"start":{"line":10,"column":4},"end":{"line":14,"column":null}},"3":{"start":{"line":11,"column":6},"end":{"line":11,"column":26}},"4":{"start":{"line":13,"column":6},"end":{"line":13,"column":22}},"5":{"start":{"line":28,"column":4},"end":{"line":38,"column":null}},"6":{"start":{"line":29,"column":6},"end":{"line":29,"column":25}},"7":{"start":{"line":30,"column":6},"end":{"line":34,"column":null}},"8":{"start":{"line":31,"column":8},"end":{"line":31,"column":73}},"9":{"start":{"line":33,"column":8},"end":{"line":33,"column":41}},"10":{"start":{"line":35,"column":6},"end":{"line":35,"column":19}},"11":{"start":{"line":37,"column":6},"end":{"line":37,"column":15}},"12":{"start":{"line":44,"column":4},"end":{"line":44,"column":22}},"13":{"start":{"line":53,"column":4},"end":{"line":53,"column":30}},"14":{"start":{"line":1,"column":0},"end":{"line":1,"column":13}}},"fnMap":{"0":{"name":"(anonymous_0)","decl":{"start":{"line":9,"column":2},"end":{"line":9,"column":14}},"loc":{"start":{"line":9,"column":27},"end":{"line":15,"column":3}}},"1":{"name":"(anonymous_1)","decl":{"start":{"line":27,"column":2},"end":{"line":27,"column":6}},"loc":{"start":{"line":27,"column":20},"end":{"line":39,"column":3}}},"2":{"name":"(anonymous_2)","decl":{"start":{"line":43,"column":2},"end":{"line":43,"column":6}},"loc":{"start":{"line":43,"column":6},"end":{"line":45,"column":3}}},"3":{"name":"(anonymous_3)","decl":{"start":{"line":52,"column":2},"end":{"line":52,"column":14}},"loc":{"start":{"line":52,"column":14},"end":{"line":54,"column":3}}}},"branchMap":{"0":{"loc":{"start":{"line":10,"column":4},"end":{"line":14,"column":null}},"type":"if","locations":[{"start":{"line":10,"column":4},"end":{"line":14,"column":null}},{"start":{"line":12,"column":11},"end":{"line":14,"column":null}}]},"1":{"loc":{"start":{"line":28,"column":4},"end":{"line":38,"column":null}},"type":"if","locations":[{"start":{"line":28,"column":4},"end":{"line":38,"column":null}},{"start":{"line":36,"column":11},"end":{"line":38,"column":null}}]},"2":{"loc":{"start":{"line":28,"column":8},"end":{"line":28,"column":42}},"type":"binary-expr","locations":[{"start":{"line":28,"column":8},"end":{"line":28,"column":18}},{"start":{"line":28,"column":22},"end":{"line":28,"column":42}}]},"3":{"loc":{"start":{"line":30,"column":6},"end":{"line":34,"column":null}},"type":"if","locations":[{"start":{"line":30,"column":6},"end":{"line":34,"column":null}},{"start":{"line":32,"column":13},"end":{"line":34,"column":null}}]}},"s":{"0":9,"1":9,"2":9,"3":7,"4":2,"5":7,"6":6,"7":6,"8":1,"9":5,"10":6,"11":1,"12":2,"13":9,"14":1},"f":{"0":9,"1":7,"2":2,"3":9},"b":{"0":[7,2],"1":[6,1],"2":[7,7],"3":[1,5]}}
}
